[15:24:09] [Server thread/INFO]: Starting minecraft server version 1.11.2
[15:24:09] [Server thread/INFO]: Loading properties
[15:24:09] [Server thread/INFO]: Default game type: SURVIVAL
[15:24:09] [Server thread/INFO]: Generating keypair
[15:24:09] [Server thread/INFO]: Starting Minecraft server on *:25565
[15:24:09] [Server thread/INFO]: Using default channel type
[15:24:09] [Server thread/WARN]: **** SERVER IS RUNNING IN OFFLINE/INSECURE MODE!
[15:24:09] [Server thread/WARN]: The server will make no attempt to authenticate usernames. Beware.
[15:24:09] [Server thread/WARN]: While this makes the game possible to play without internet access, it also opens up the ability for hackers to connect with any username they choose.
[15:24:09] [Server thread/WARN]: To change this, set "online-mode" to "true" in the server.properties file.
[15:24:09] [Server thread/INFO]: Preparing level "world"
[15:24:10] [Server thread/INFO]: Preparing start region for level 0
[15:24:11] [Server thread/INFO]: Preparing spawn area: 38%
[15:24:12] [Server thread/INFO]: Done (2,039s)! For help, type "help" or "?"
[15:24:22] [Server thread/INFO]: Sultan[/127.0.0.1:61443] logged in with entity id 46 at (-255.5, 64.0, 118.5)
[15:24:22] [Server thread/INFO]: Sultan joined the game
[15:25:05] [Server thread/INFO]: Sultan lost connection: TextComponent{text='Disconnected', siblings=[], style=Style{hasParent=false, color=null, bold=null, italic=null, underlined=null, obfuscated=null, clickEvent=null, hoverEvent=null, insertion=null}}
[15:25:05] [Server thread/INFO]: Sultan left the game
[15:25:15] [Server thread/INFO]: Unknown command. Try /help for a list of commands
[15:25:15] [Server Shutdown Thread/INFO]: Stopping server
